This file contains any messages produced by compilers while
running configure, to aid debugging if configure makes a mistake.

It was created by Scan configure 0.1, which was
generated by GNU Autoconf 2.68.  Invocation command line was

  $ ./configure 

## --------- ##
## Platform. ##
## --------- ##

hostname = angela
uname -m = i686
uname -r = 3.2.0-24-generic
uname -s = Linux
uname -v = #39-Ubuntu SMP Mon May 21 16:51:22 UTC 2012

/usr/bin/uname -p = unknown
/bin/uname -X     = unknown

/bin/arch              = unknown
/usr/bin/arch -k       = unknown
/usr/convex/getsysinfo = unknown
/usr/bin/hostinfo      = unknown
/bin/machine           = unknown
/usr/bin/oslevel       = unknown
/bin/universe          = unknown

PATH: /usr/lib/lightdm/lightdm
PATH: /usr/local/sbin
PATH: /usr/local/bin
PATH: /usr/sbin
PATH: /usr/bin
PATH: /sbin
PATH: /bin
PATH: /usr/games


## ----------- ##
## Core tests. ##
## ----------- ##

configure:2266: checking for a BSD-compatible install
configure:2334: result: /usr/bin/install -c
configure:2345: checking whether build environment is sane
configure:2395: result: yes
configure:2536: checking for a thread-safe mkdir -p
configure:2575: result: /bin/mkdir -p
configure:2588: checking for gawk
configure:2604: found /usr/bin/gawk
configure:2615: result: gawk
configure:2626: checking whether make sets $(MAKE)
configure:2648: result: yes
configure:2789: checking for g++
configure:2805: found /usr/bin/g++
configure:2816: result: g++
configure:2843: checking for C++ compiler version
configure:2852: g++ --version >&5
g++ (Ubuntu/Linaro 4.6.3-1ubuntu5) 4.6.3
Copyright (C) 2011 Free Software Foundation, Inc.
This is free software; see the source for copying conditions.  There is NO
warranty; not even for MERCHANTABILITY or FITNESS FOR A PARTICULAR PURPOSE.

configure:2863: $? = 0
configure:2852: g++ -v >&5
Using built-in specs.
COLLECT_GCC=g++
COLLECT_LTO_WRAPPER=/usr/lib/gcc/i686-linux-gnu/4.6/lto-wrapper
Target: i686-linux-gnu
Configured with: ../src/configure -v --with-pkgversion='Ubuntu/Linaro 4.6.3-1ubuntu5' --with-bugurl=file:///usr/share/doc/gcc-4.6/README.Bugs --enable-languages=c,c++,fortran,objc,obj-c++ --prefix=/usr --program-suffix=-4.6 --enable-shared --enable-linker-build-id --with-system-zlib --libexecdir=/usr/lib --without-included-gettext --enable-threads=posix --with-gxx-include-dir=/usr/include/c++/4.6 --libdir=/usr/lib --enable-nls --with-sysroot=/ --enable-clocale=gnu --enable-libstdcxx-debug --enable-libstdcxx-time=yes --enable-gnu-unique-object --enable-plugin --enable-objc-gc --enable-targets=all --disable-werror --with-arch-32=i686 --with-tune=generic --enable-checking=release --build=i686-linux-gnu --host=i686-linux-gnu --target=i686-linux-gnu
Thread model: posix
gcc version 4.6.3 (Ubuntu/Linaro 4.6.3-1ubuntu5) 
configure:2863: $? = 0
configure:2852: g++ -V >&5
g++: error: unrecognized option '-V'
g++: fatal error: no input files
compilation terminated.
configure:2863: $? = 4
configure:2852: g++ -qversion >&5
g++: error: unrecognized option '-qversion'
g++: fatal error: no input files
compilation terminated.
configure:2863: $? = 4
configure:2883: checking whether the C++ compiler works
configure:2905: g++    conftest.cpp  >&5
configure:2909: $? = 0
configure:2957: result: yes
configure:2960: checking for C++ compiler default output file name
configure:2962: result: a.out
configure:2968: checking for suffix of executables
configure:2975: g++ -o conftest    conftest.cpp  >&5
configure:2979: $? = 0
configure:3001: result: 
configure:3023: checking whether we are cross compiling
configure:3031: g++ -o conftest    conftest.cpp  >&5
configure:3035: $? = 0
configure:3042: ./conftest
configure:3046: $? = 0
configure:3061: result: no
configure:3066: checking for suffix of object files
configure:3088: g++ -c   conftest.cpp >&5
configure:3092: $? = 0
configure:3113: result: o
configure:3117: checking whether we are using the GNU C++ compiler
configure:3136: g++ -c   conftest.cpp >&5
configure:3136: $? = 0
configure:3145: result: yes
configure:3154: checking whether g++ accepts -g
configure:3174: g++ -c -g  conftest.cpp >&5
configure:3174: $? = 0
configure:3215: result: yes
configure:3249: checking for style of include used by make
configure:3277: result: GNU
configure:3303: checking dependency style of g++
configure:3414: result: gcc3
configure:3458: checking build system type
configure:3472: result: i686-pc-linux-gnu
configure:3492: checking host system type
configure:3505: result: i686-pc-linux-gnu
configure:3546: checking how to print strings
configure:3573: result: printf
configure:3642: checking for gcc
configure:3658: found /usr/bin/gcc
configure:3669: result: gcc
configure:3898: checking for C compiler version
configure:3907: gcc --version >&5
gcc (Ubuntu/Linaro 4.6.3-1ubuntu5) 4.6.3
Copyright (C) 2011 Free Software Foundation, Inc.
This is free software; see the source for copying conditions.  There is NO
warranty; not even for MERCHANTABILITY or FITNESS FOR A PARTICULAR PURPOSE.

configure:3918: $? = 0
configure:3907: gcc -v >&5
Using built-in specs.
COLLECT_GCC=gcc
COLLECT_LTO_WRAPPER=/usr/lib/gcc/i686-linux-gnu/4.6/lto-wrapper
Target: i686-linux-gnu
Configured with: ../src/configure -v --with-pkgversion='Ubuntu/Linaro 4.6.3-1ubuntu5' --with-bugurl=file:///usr/share/doc/gcc-4.6/README.Bugs --enable-languages=c,c++,fortran,objc,obj-c++ --prefix=/usr --program-suffix=-4.6 --enable-shared --enable-linker-build-id --with-system-zlib --libexecdir=/usr/lib --without-included-gettext --enable-threads=posix --with-gxx-include-dir=/usr/include/c++/4.6 --libdir=/usr/lib --enable-nls --with-sysroot=/ --enable-clocale=gnu --enable-libstdcxx-debug --enable-libstdcxx-time=yes --enable-gnu-unique-object --enable-plugin --enable-objc-gc --enable-targets=all --disable-werror --with-arch-32=i686 --with-tune=generic --enable-checking=release --build=i686-linux-gnu --host=i686-linux-gnu --target=i686-linux-gnu
Thread model: posix
gcc version 4.6.3 (Ubuntu/Linaro 4.6.3-1ubuntu5) 
configure:3918: $? = 0
configure:3907: gcc -V >&5
gcc: error: unrecognized option '-V'
gcc: fatal error: no input files
compilation terminated.
configure:3918: $? = 4
configure:3907: gcc -qversion >&5
gcc: error: unrecognized option '-qversion'
gcc: fatal error: no input files
compilation terminated.
configure:3918: $? = 4
configure:3922: checking whether we are using the GNU C compiler
configure:3941: gcc -c   conftest.c >&5
configure:3941: $? = 0
configure:3950: result: yes
configure:3959: checking whether gcc accepts -g
configure:3979: gcc -c -g  conftest.c >&5
configure:3979: $? = 0
configure:4020: result: yes
configure:4037: checking for gcc option to accept ISO C89
configure:4101: gcc  -c -g -O2  conftest.c >&5
configure:4101: $? = 0
configure:4114: result: none needed
configure:4136: checking dependency style of gcc
configure:4247: result: gcc3
configure:4262: checking for a sed that does not truncate output
configure:4326: result: /bin/sed
configure:4344: checking for grep that handles long lines and -e
configure:4402: result: /bin/grep
configure:4407: checking for egrep
configure:4469: result: /bin/grep -E
configure:4474: checking for fgrep
configure:4536: result: /bin/grep -F
configure:4571: checking for ld used by gcc
configure:4638: result: /usr/bin/ld
configure:4645: checking if the linker (/usr/bin/ld) is GNU ld
configure:4660: result: yes
configure:4672: checking for BSD- or MS-compatible name lister (nm)
configure:4721: result: /usr/bin/nm -B
configure:4851: checking the name lister (/usr/bin/nm -B) interface
configure:4858: gcc -c -g -O2  conftest.c >&5
configure:4861: /usr/bin/nm -B "conftest.o"
configure:4864: output
00000000 B some_variable
configure:4871: result: BSD nm
configure:4874: checking whether ln -s works
configure:4878: result: yes
configure:4886: checking the maximum length of command line arguments
configure:5016: result: 1572864
configure:5033: checking whether the shell understands some XSI constructs
configure:5043: result: yes
configure:5047: checking whether the shell understands "+="
configure:5053: result: yes
configure:5088: checking how to convert i686-pc-linux-gnu file names to i686-pc-linux-gnu format
configure:5128: result: func_convert_file_noop
configure:5135: checking how to convert i686-pc-linux-gnu file names to toolchain format
configure:5155: result: func_convert_file_noop
configure:5162: checking for /usr/bin/ld option to reload object files
configure:5169: result: -r
configure:5243: checking for objdump
configure:5259: found /usr/bin/objdump
configure:5270: result: objdump
configure:5302: checking how to recognize dependent libraries
configure:5504: result: pass_all
configure:5589: checking for dlltool
configure:5619: result: no
configure:5649: checking how to associate runtime and link libraries
configure:5676: result: printf %s\n
configure:5737: checking for ar
configure:5753: found /usr/bin/ar
configure:5764: result: ar
configure:5801: checking for archiver @FILE support
configure:5818: gcc -c -g -O2  conftest.c >&5
configure:5818: $? = 0
configure:5821: ar cru libconftest.a @conftest.lst >&5
configure:5824: $? = 0
configure:5829: ar cru libconftest.a @conftest.lst >&5
ar: conftest.o: No such file or directory
configure:5832: $? = 1
configure:5844: result: @
configure:5902: checking for strip
configure:5918: found /usr/bin/strip
configure:5929: result: strip
configure:6001: checking for ranlib
configure:6017: found /usr/bin/ranlib
configure:6028: result: ranlib
configure:6130: checking command to parse /usr/bin/nm -B output from gcc object
configure:6250: gcc -c -g -O2  conftest.c >&5
configure:6253: $? = 0
configure:6257: /usr/bin/nm -B conftest.o \| sed -n -e 's/^.*[ ]\([ABCDGIRSTW][ABCDGIRSTW]*\)[ ][ ]*\([_A-Za-z][_A-Za-z0-9]*\)$/\1 \2 \2/p' | sed '/ __gnu_lto/d' \> conftest.nm
configure:6260: $? = 0
configure:6326: gcc -o conftest -g -O2   conftest.c conftstm.o >&5
configure:6329: $? = 0
configure:6367: result: ok
configure:6404: checking for sysroot
configure:6434: result: no
configure:6690: checking for mt
configure:6706: found /bin/mt
configure:6717: result: mt
configure:6740: checking if mt is a manifest tool
configure:6746: mt '-?'
configure:6754: result: no
configure:7396: checking how to run the C preprocessor
configure:7427: gcc -E  conftest.c
configure:7427: $? = 0
configure:7441: gcc -E  conftest.c
conftest.c:11:28: fatal error: ac_nonexistent.h: No such file or directory
compilation terminated.
configure:7441: $? = 1
configure: failed program was:
| /* confdefs.h */
| #define PACKAGE_NAME "Scan"
| #define PACKAGE_TARNAME "scan"
| #define PACKAGE_VERSION "0.1"
| #define PACKAGE_STRING "Scan 0.1"
| #define PACKAGE_BUGREPORT "g.lipari@sssup.it"
| #define PACKAGE_URL ""
| #define PACKAGE "src"
| #define VERSION "1.0"
| /* end confdefs.h.  */
| #include <ac_nonexistent.h>
configure:7466: result: gcc -E
configure:7486: gcc -E  conftest.c
configure:7486: $? = 0
configure:7500: gcc -E  conftest.c
conftest.c:11:28: fatal error: ac_nonexistent.h: No such file or directory
compilation terminated.
configure:7500: $? = 1
configure: failed program was:
| /* confdefs.h */
| #define PACKAGE_NAME "Scan"
| #define PACKAGE_TARNAME "scan"
| #define PACKAGE_VERSION "0.1"
| #define PACKAGE_STRING "Scan 0.1"
| #define PACKAGE_BUGREPORT "g.lipari@sssup.it"
| #define PACKAGE_URL ""
| #define PACKAGE "src"
| #define VERSION "1.0"
| /* end confdefs.h.  */
| #include <ac_nonexistent.h>
configure:7529: checking for ANSI C header files
configure:7549: gcc -c -g -O2  conftest.c >&5
configure:7549: $? = 0
configure:7622: gcc -o conftest -g -O2   conftest.c  >&5
configure:7622: $? = 0
configure:7622: ./conftest
configure:7622: $? = 0
configure:7633: result: yes
configure:7646: checking for sys/types.h
configure:7646: gcc -c -g -O2  conftest.c >&5
configure:7646: $? = 0
configure:7646: result: yes
configure:7646: checking for sys/stat.h
configure:7646: gcc -c -g -O2  conftest.c >&5
configure:7646: $? = 0
configure:7646: result: yes
configure:7646: checking for stdlib.h
configure:7646: gcc -c -g -O2  conftest.c >&5
configure:7646: $? = 0
configure:7646: result: yes
configure:7646: checking for string.h
configure:7646: gcc -c -g -O2  conftest.c >&5
configure:7646: $? = 0
configure:7646: result: yes
configure:7646: checking for memory.h
configure:7646: gcc -c -g -O2  conftest.c >&5
configure:7646: $? = 0
configure:7646: result: yes
configure:7646: checking for strings.h
configure:7646: gcc -c -g -O2  conftest.c >&5
configure:7646: $? = 0
configure:7646: result: yes
configure:7646: checking for inttypes.h
configure:7646: gcc -c -g -O2  conftest.c >&5
configure:7646: $? = 0
configure:7646: result: yes
configure:7646: checking for stdint.h
configure:7646: gcc -c -g -O2  conftest.c >&5
configure:7646: $? = 0
configure:7646: result: yes
configure:7646: checking for unistd.h
configure:7646: gcc -c -g -O2  conftest.c >&5
configure:7646: $? = 0
configure:7646: result: yes
configure:7660: checking for dlfcn.h
configure:7660: gcc -c -g -O2  conftest.c >&5
configure:7660: $? = 0
configure:7660: result: yes
configure:7877: checking for objdir
configure:7892: result: .libs
configure:8163: checking if gcc supports -fno-rtti -fno-exceptions
configure:8181: gcc -c -g -O2  -fno-rtti -fno-exceptions conftest.c >&5
cc1: warning: command line option '-fno-rtti' is valid for C++/ObjC++ but not for C [enabled by default]
configure:8185: $? = 0
configure:8198: result: no
configure:8525: checking for gcc option to produce PIC
configure:8532: result: -fPIC -DPIC
configure:8540: checking if gcc PIC flag -fPIC -DPIC works
configure:8558: gcc -c -g -O2  -fPIC -DPIC -DPIC conftest.c >&5
configure:8562: $? = 0
configure:8575: result: yes
configure:8604: checking if gcc static flag -static works
configure:8632: result: yes
configure:8647: checking if gcc supports -c -o file.o
configure:8668: gcc -c -g -O2  -o out/conftest2.o conftest.c >&5
configure:8672: $? = 0
configure:8694: result: yes
configure:8702: checking if gcc supports -c -o file.o
configure:8749: result: yes
configure:8782: checking whether the gcc linker (/usr/bin/ld) supports shared libraries
configure:9939: result: yes
configure:9976: checking whether -lc should be explicitly linked in
configure:9984: gcc -c -g -O2  conftest.c >&5
configure:9987: $? = 0
configure:10002: gcc -shared  -fPIC -DPIC conftest.o  -v -Wl,-soname -Wl,conftest -o conftest 2\>\&1 \| /bin/grep  -lc  \>/dev/null 2\>\&1
configure:10005: $? = 0
configure:10019: result: no
configure:10179: checking dynamic linker characteristics
configure:10690: gcc -o conftest -g -O2   -Wl,-rpath -Wl,/foo conftest.c  >&5
configure:10690: $? = 0
configure:10924: result: GNU/Linux ld.so
configure:11031: checking how to hardcode library paths into programs
configure:11056: result: immediate
configure:11596: checking whether stripping libraries is possible
configure:11601: result: yes
configure:11636: checking if libtool supports shared libraries
configure:11638: result: yes
configure:11641: checking whether to build shared libraries
configure:11662: result: yes
configure:11665: checking whether to build static libraries
configure:11669: result: yes
configure:11692: checking how to run the C++ preprocessor
configure:11719: g++ -E  conftest.cpp
configure:11719: $? = 0
configure:11733: g++ -E  conftest.cpp
conftest.cpp:23:28: fatal error: ac_nonexistent.h: No such file or directory
compilation terminated.
configure:11733: $? = 1
configure: failed program was:
| /* confdefs.h */
| #define PACKAGE_NAME "Scan"
| #define PACKAGE_TARNAME "scan"
| #define PACKAGE_VERSION "0.1"
| #define PACKAGE_STRING "Scan 0.1"
| #define PACKAGE_BUGREPORT "g.lipari@sssup.it"
| #define PACKAGE_URL ""
| #define PACKAGE "src"
| #define VERSION "1.0"
| #define STDC_HEADERS 1
| #define HAVE_SYS_TYPES_H 1
| #define HAVE_SYS_STAT_H 1
| #define HAVE_STDLIB_H 1
| #define HAVE_STRING_H 1
| #define HAVE_MEMORY_H 1
| #define HAVE_STRINGS_H 1
| #define HAVE_INTTYPES_H 1
| #define HAVE_STDINT_H 1
| #define HAVE_UNISTD_H 1
| #define HAVE_DLFCN_H 1
| #define LT_OBJDIR ".libs/"
| /* end confdefs.h.  */
| #include <ac_nonexistent.h>
configure:11758: result: g++ -E
configure:11778: g++ -E  conftest.cpp
configure:11778: $? = 0
configure:11792: g++ -E  conftest.cpp
conftest.cpp:23:28: fatal error: ac_nonexistent.h: No such file or directory
compilation terminated.
configure:11792: $? = 1
configure: failed program was:
| /* confdefs.h */
| #define PACKAGE_NAME "Scan"
| #define PACKAGE_TARNAME "scan"
| #define PACKAGE_VERSION "0.1"
| #define PACKAGE_STRING "Scan 0.1"
| #define PACKAGE_BUGREPORT "g.lipari@sssup.it"
| #define PACKAGE_URL ""
| #define PACKAGE "src"
| #define VERSION "1.0"
| #define STDC_HEADERS 1
| #define HAVE_SYS_TYPES_H 1
| #define HAVE_SYS_STAT_H 1
| #define HAVE_STDLIB_H 1
| #define HAVE_STRING_H 1
| #define HAVE_MEMORY_H 1
| #define HAVE_STRINGS_H 1
| #define HAVE_INTTYPES_H 1
| #define HAVE_STDINT_H 1
| #define HAVE_UNISTD_H 1
| #define HAVE_DLFCN_H 1
| #define LT_OBJDIR ".libs/"
| /* end confdefs.h.  */
| #include <ac_nonexistent.h>
configure:11961: checking for ld used by g++
configure:12028: result: /usr/bin/ld
configure:12035: checking if the linker (/usr/bin/ld) is GNU ld
configure:12050: result: yes
configure:12105: checking whether the g++ linker (/usr/bin/ld) supports shared libraries
configure:13110: result: yes
configure:13146: g++ -c -g -O2  conftest.cpp >&5
configure:13149: $? = 0
configure:13669: checking for g++ option to produce PIC
configure:13676: result: -fPIC -DPIC
configure:13684: checking if g++ PIC flag -fPIC -DPIC works
configure:13702: g++ -c -g -O2  -fPIC -DPIC -DPIC conftest.cpp >&5
configure:13706: $? = 0
configure:13719: result: yes
configure:13742: checking if g++ static flag -static works
configure:13770: result: yes
configure:13782: checking if g++ supports -c -o file.o
configure:13803: g++ -c -g -O2  -o out/conftest2.o conftest.cpp >&5
configure:13807: $? = 0
configure:13829: result: yes
configure:13834: checking if g++ supports -c -o file.o
configure:13881: result: yes
configure:13911: checking whether the g++ linker (/usr/bin/ld) supports shared libraries
configure:13950: result: yes
configure:14091: checking dynamic linker characteristics
configure:14770: result: GNU/Linux ld.so
configure:14823: checking how to hardcode library paths into programs
configure:14848: result: immediate
configure:14914: checking for ranlib
configure:14941: result: ranlib
configure:15090: creating ./config.status

## ---------------------- ##
## Running config.status. ##
## ---------------------- ##

This file was extended by Scan config.status 0.1, which was
generated by GNU Autoconf 2.68.  Invocation command line was

  CONFIG_FILES    = 
  CONFIG_HEADERS  = 
  CONFIG_LINKS    = 
  CONFIG_COMMANDS = 
  $ ./config.status 

on angela

config.status:1156: creating Makefile
config.status:1156: creating models/Makefile
config.status:1156: creating common/Makefile
config.status:1156: creating driver2/Makefile
config.status:1156: creating test/Makefile
config.status:1156: creating config.h
config.status:1337: config.h is unchanged
config.status:1385: executing depfiles commands
config.status:1385: executing libtool commands
config.status:1385: executing default commands

## ---------------- ##
## Cache variables. ##
## ---------------- ##

ac_cv_build=i686-pc-linux-gnu
ac_cv_c_compiler_gnu=yes
ac_cv_cxx_compiler_gnu=yes
ac_cv_env_CCC_set=
ac_cv_env_CCC_value=
ac_cv_env_CC_set=
ac_cv_env_CC_value=
ac_cv_env_CFLAGS_set=
ac_cv_env_CFLAGS_value=
ac_cv_env_CPPFLAGS_set=
ac_cv_env_CPPFLAGS_value=
ac_cv_env_CPP_set=
ac_cv_env_CPP_value=
ac_cv_env_CXXCPP_set=
ac_cv_env_CXXCPP_value=
ac_cv_env_CXXFLAGS_set=
ac_cv_env_CXXFLAGS_value=
ac_cv_env_CXX_set=
ac_cv_env_CXX_value=
ac_cv_env_LDFLAGS_set=
ac_cv_env_LDFLAGS_value=
ac_cv_env_LIBS_set=
ac_cv_env_LIBS_value=
ac_cv_env_build_alias_set=
ac_cv_env_build_alias_value=
ac_cv_env_host_alias_set=
ac_cv_env_host_alias_value=
ac_cv_env_target_alias_set=
ac_cv_env_target_alias_value=
ac_cv_header_dlfcn_h=yes
ac_cv_header_inttypes_h=yes
ac_cv_header_memory_h=yes
ac_cv_header_stdc=yes
ac_cv_header_stdint_h=yes
ac_cv_header_stdlib_h=yes
ac_cv_header_string_h=yes
ac_cv_header_strings_h=yes
ac_cv_header_sys_stat_h=yes
ac_cv_header_sys_types_h=yes
ac_cv_header_unistd_h=yes
ac_cv_host=i686-pc-linux-gnu
ac_cv_objext=o
ac_cv_path_EGREP='/bin/grep -E'
ac_cv_path_FGREP='/bin/grep -F'
ac_cv_path_GREP=/bin/grep
ac_cv_path_SED=/bin/sed
ac_cv_path_install='/usr/bin/install -c'
ac_cv_path_mkdir=/bin/mkdir
ac_cv_prog_AWK=gawk
ac_cv_prog_CPP='gcc -E'
ac_cv_prog_CXXCPP='g++ -E'
ac_cv_prog_RANLIB=ranlib
ac_cv_prog_ac_ct_AR=ar
ac_cv_prog_ac_ct_CC=gcc
ac_cv_prog_ac_ct_CXX=g++
ac_cv_prog_ac_ct_MANIFEST_TOOL=mt
ac_cv_prog_ac_ct_OBJDUMP=objdump
ac_cv_prog_ac_ct_RANLIB=ranlib
ac_cv_prog_ac_ct_STRIP=strip
ac_cv_prog_cc_c89=
ac_cv_prog_cc_g=yes
ac_cv_prog_cxx_g=yes
ac_cv_prog_make_make_set=yes
am_cv_CC_dependencies_compiler_type=gcc3
am_cv_CXX_dependencies_compiler_type=gcc3
lt_cv_ar_at_file=@
lt_cv_archive_cmds_need_lc=no
lt_cv_deplibs_check_method=pass_all
lt_cv_file_magic_cmd='$MAGIC_CMD'
lt_cv_file_magic_test_file=
lt_cv_ld_reload_flag=-r
lt_cv_nm_interface='BSD nm'
lt_cv_objdir=.libs
lt_cv_path_LD=/usr/bin/ld
lt_cv_path_LDCXX=/usr/bin/ld
lt_cv_path_NM='/usr/bin/nm -B'
lt_cv_path_mainfest_tool=no
lt_cv_prog_compiler_c_o=yes
lt_cv_prog_compiler_c_o_CXX=yes
lt_cv_prog_compiler_pic='-fPIC -DPIC'
lt_cv_prog_compiler_pic_CXX='-fPIC -DPIC'
lt_cv_prog_compiler_pic_works=yes
lt_cv_prog_compiler_pic_works_CXX=yes
lt_cv_prog_compiler_rtti_exceptions=no
lt_cv_prog_compiler_static_works=yes
lt_cv_prog_compiler_static_works_CXX=yes
lt_cv_prog_gnu_ld=yes
lt_cv_prog_gnu_ldcxx=yes
lt_cv_sharedlib_from_linklib_cmd='printf %s\n'
lt_cv_shlibpath_overrides_runpath=no
lt_cv_sys_global_symbol_pipe='sed -n -e '\''s/^.*[	 ]\([ABCDGIRSTW][ABCDGIRSTW]*\)[	 ][	 ]*\([_A-Za-z][_A-Za-z0-9]*\)$/\1 \2 \2/p'\'' | sed '\''/ __gnu_lto/d'\'''
lt_cv_sys_global_symbol_to_c_name_address='sed -n -e '\''s/^: \([^ ]*\)[ ]*$/  {\"\1\", (void *) 0},/p'\'' -e '\''s/^[ABCDGIRSTW]* \([^ ]*\) \([^ ]*\)$/  {"\2", (void *) \&\2},/p'\'''
lt_cv_sys_global_symbol_to_c_name_address_lib_prefix='sed -n -e '\''s/^: \([^ ]*\)[ ]*$/  {\"\1\", (void *) 0},/p'\'' -e '\''s/^[ABCDGIRSTW]* \([^ ]*\) \(lib[^ ]*\)$/  {"\2", (void *) \&\2},/p'\'' -e '\''s/^[ABCDGIRSTW]* \([^ ]*\) \([^ ]*\)$/  {"lib\2", (void *) \&\2},/p'\'''
lt_cv_sys_global_symbol_to_cdecl='sed -n -e '\''s/^T .* \(.*\)$/extern int \1();/p'\'' -e '\''s/^[ABCDGIRSTW]* .* \(.*\)$/extern char \1;/p'\'''
lt_cv_sys_max_cmd_len=1572864
lt_cv_to_host_file_cmd=func_convert_file_noop
lt_cv_to_tool_file_cmd=func_convert_file_noop

## ----------------- ##
## Output variables. ##
## ----------------- ##

ACLOCAL='${SHELL} /home/angela/Scrivania/branch_code/rtscan/missing --run aclocal-1.11'
AMDEPBACKSLASH='\'
AMDEP_FALSE='#'
AMDEP_TRUE=''
AMTAR='$${TAR-tar}'
AR='ar'
AUTOCONF='${SHELL} /home/angela/Scrivania/branch_code/rtscan/missing --run autoconf'
AUTOHEADER='${SHELL} /home/angela/Scrivania/branch_code/rtscan/missing --run autoheader'
AUTOMAKE='${SHELL} /home/angela/Scrivania/branch_code/rtscan/missing --run automake-1.11'
AWK='gawk'
CC='gcc'
CCDEPMODE='depmode=gcc3'
CFLAGS='-g -O2'
CPP='gcc -E'
CPPFLAGS=''
CXX='g++'
CXXCPP='g++ -E'
CXXDEPMODE='depmode=gcc3'
CXXFLAGS='-g -O2'
CYGPATH_W='echo'
DEFS='-DHAVE_CONFIG_H'
DEPDIR='.deps'
DLLTOOL='false'
DSYMUTIL=''
DUMPBIN=''
ECHO_C=''
ECHO_N='-n'
ECHO_T=''
EGREP='/bin/grep -E'
EXEEXT=''
FGREP='/bin/grep -F'
GREP='/bin/grep'
INSTALL_DATA='${INSTALL} -m 644'
INSTALL_PROGRAM='${INSTALL}'
INSTALL_SCRIPT='${INSTALL}'
INSTALL_STRIP_PROGRAM='$(install_sh) -c -s'
LD='/usr/bin/ld'
LDFLAGS=''
LIBOBJS=''
LIBS=''
LIBTOOL='$(SHELL) $(top_builddir)/libtool'
LIPO=''
LN_S='ln -s'
LTLIBOBJS=''
MAKEINFO='${SHELL} /home/angela/Scrivania/branch_code/rtscan/missing --run makeinfo'
MANIFEST_TOOL=':'
MKDIR_P='/bin/mkdir -p'
NM='/usr/bin/nm -B'
NMEDIT=''
OBJDUMP='objdump'
OBJEXT='o'
OTOOL64=''
OTOOL=''
PACKAGE='src'
PACKAGE_BUGREPORT='g.lipari@sssup.it'
PACKAGE_NAME='Scan'
PACKAGE_STRING='Scan 0.1'
PACKAGE_TARNAME='scan'
PACKAGE_URL=''
PACKAGE_VERSION='0.1'
PATH_SEPARATOR=':'
RANLIB='ranlib'
SED='/bin/sed'
SET_MAKE=''
SHELL='/bin/bash'
STRIP='strip'
VERSION='1.0'
ac_ct_AR='ar'
ac_ct_CC='gcc'
ac_ct_CXX='g++'
ac_ct_DUMPBIN=''
am__EXEEXT_FALSE=''
am__EXEEXT_TRUE='#'
am__fastdepCC_FALSE='#'
am__fastdepCC_TRUE=''
am__fastdepCXX_FALSE='#'
am__fastdepCXX_TRUE=''
am__include='include'
am__isrc=''
am__leading_dot='.'
am__nodep='_no'
am__quote=''
am__tar='$${TAR-tar} chof - "$$tardir"'
am__untar='$${TAR-tar} xf -'
bindir='${exec_prefix}/bin'
build='i686-pc-linux-gnu'
build_alias=''
build_cpu='i686'
build_os='linux-gnu'
build_vendor='pc'
datadir='${datarootdir}'
datarootdir='${prefix}/share'
docdir='${datarootdir}/doc/${PACKAGE_TARNAME}'
dvidir='${docdir}'
exec_prefix='${prefix}'
host='i686-pc-linux-gnu'
host_alias=''
host_cpu='i686'
host_os='linux-gnu'
host_vendor='pc'
htmldir='${docdir}'
includedir='${prefix}/include'
infodir='${datarootdir}/info'
install_sh='${SHELL} /home/angela/Scrivania/branch_code/rtscan/install-sh'
libdir='${exec_prefix}/lib'
libexecdir='${exec_prefix}/libexec'
localedir='${datarootdir}/locale'
localstatedir='${prefix}/var'
mandir='${datarootdir}/man'
mkdir_p='/bin/mkdir -p'
oldincludedir='/usr/include'
pdfdir='${docdir}'
prefix='/usr/local'
program_transform_name='s,x,x,'
psdir='${docdir}'
sbindir='${exec_prefix}/sbin'
sharedstatedir='${prefix}/com'
sysconfdir='${prefix}/etc'
target_alias=''

## ----------- ##
## confdefs.h. ##
## ----------- ##

/* confdefs.h */
#define PACKAGE_NAME "Scan"
#define PACKAGE_TARNAME "scan"
#define PACKAGE_VERSION "0.1"
#define PACKAGE_STRING "Scan 0.1"
#define PACKAGE_BUGREPORT "g.lipari@sssup.it"
#define PACKAGE_URL ""
#define PACKAGE "src"
#define VERSION "1.0"
#define STDC_HEADERS 1
#define HAVE_SYS_TYPES_H 1
#define HAVE_SYS_STAT_H 1
#define HAVE_STDLIB_H 1
#define HAVE_STRING_H 1
#define HAVE_MEMORY_H 1
#define HAVE_STRINGS_H 1
#define HAVE_INTTYPES_H 1
#define HAVE_STDINT_H 1
#define HAVE_UNISTD_H 1
#define HAVE_DLFCN_H 1
#define LT_OBJDIR ".libs/"

configure: exit 0
